
> @groble/web@0.1.0 build /Users/ddh/Desktop/groble-client/apps/web
> next build

   [1m[38;2;173;127;168m▲ Next.js 15.3.1[39m[22m
   - Environments: .env.local, .env.production, .env
   - Experiments (use with caution):
     [1m✓[22m viewTransition
     [1m✓[22m authInterrupts

 [37m[1m [22m[39m Creating an optimized production build ...
 [32m[1m✓[22m[39m Compiled successfully in 10.0s
 [37m[1m [22m[39m Skipping validation of types
 [37m[1m [22m[39m Skipping linting
[?25l [37m[1m [22m[39m Collecting page data  [36m.[39m[2K[1G [37m[1m [22m[39m Collecting page data  [36m..[39m[2K[1G[?25h [37m[1m [22m[39m Collecting page data     [32m[1m✓[22m[39m Collecting page data 
[?25l [37m[1m [22m[39m Generating static pages (0/50)  [36m[    ][39m[2K[1G [37m[1m [22m[39m Generating static pages (0/50)  [36m[=   ][39m[2K[1G [37m[1m [22m[39m Generating static pages (28/50)  [36m[==  ][39m[2K[1G [37m[1m [22m[39m Generating static pages (34/50)  [36m[=== ][39m[2K[1G[?25h [32m[1m✓[22m[39m Generating static pages (50/50)
[?25l [37m[1m [22m[39m Finalizing page optimization  [36m.[39m[?25l [37m[1m [22m[39m Collecting build traces  [36m.[39m[2K[1G[?25h [37m[1m [22m[39m Collecting build traces     [32m[1m✓[22m[39m Collecting build traces 
[2K[1G[?25h [37m[1m [22m[39m Finalizing page optimization     [32m[1m✓[22m[39m Finalizing page optimization 

[4mRoute (app)[24m                                 [4mSize[24m  [4mFirst Load JS[24m  [4mRevalidate[24m  [4mExpire[24m
┌ ƒ /                                    9.16 kB         [37m[1m137 kB[22m[39m
├ ○ /_not-found                            160 B         [37m[1m112 kB[22m[39m
├ ○ /apple-icon.png                          0 B            [37m[1m0 B[22m[39m
├ ƒ /auth/sign-in                        7.45 kB         [37m[1m158 kB[22m[39m
├ ƒ /auth/sign-up/email                  7.08 kB         [37m[1m142 kB[22m[39m
├ ○ /auth/sign-up/nickname               7.28 kB         [37m[1m143 kB[22m[39m
├ ○ /auth/sign-up/password               6.69 kB         [37m[1m133 kB[22m[39m
├ ○ /auth/sign-up/phone                  7.33 kB         [37m[1m143 kB[22m[39m
├ ƒ /auth/sign-up/phone-code             11.4 kB         [37m[1m147 kB[22m[39m
├ ○ /auth/sign-up/phone-complete         8.43 kB         [37m[1m146 kB[22m[39m
├ ƒ /auth/sign-up/phone-request          7.36 kB         [37m[1m143 kB[22m[39m
├ ƒ /auth/sign-up/phone-seller-terms     2.71 kB         [37m[1m148 kB[22m[39m
├ ƒ /auth/sign-up/terms                  3.29 kB         [37m[1m134 kB[22m[39m
├ ○ /auth/sign-up/user-type              5.76 kB         [37m[1m131 kB[22m[39m
├ ƒ /auth/sign-up/verify-code            11.4 kB         [37m[1m147 kB[22m[39m
├ ƒ /auth/sign-up/welcome                8.41 kB         [37m[1m144 kB[22m[39m
├ ƒ /category/coach                      3.12 kB         [37m[1m124 kB[22m[39m
├ ƒ /category/contents                   3.12 kB         [37m[1m124 kB[22m[39m
├ ○ /icon.svg                                0 B            [37m[1m0 B[22m[39m
├ ƒ /products/[id]                       23.4 kB         [37m[1m152 kB[22m[39m
├ ƒ /products/[id]/reject-reason         5.62 kB         [37m[1m134 kB[22m[39m
├ ○ /products/register                     160 B         [37m[1m112 kB[22m[39m
├ ○ /products/register/description        189 kB         [37m[1m323 kB[22m[39m
├ ƒ /products/register/info              29.6 kB         [37m[1m179 kB[22m[39m
├ ○ /products/register/review            4.72 kB         [37m[1m138 kB[22m[39m
├ ƒ /reset-password                      7.06 kB         [37m[1m142 kB[22m[39m
├ ○ /reset-password-complete             6.03 kB         [37m[1m134 kB[22m[39m
├ ƒ /reset-password-request              7.12 kB         [37m[1m142 kB[22m[39m
├ ○ /reset-password-request-complete        6 kB         [37m[1m134 kB[22m[39m
├ ○ /robots.txt                            160 B         [37m[1m112 kB[22m[39m
├ ƒ /settlements                         4.18 kB         [37m[1m119 kB[22m[39m
├ ƒ /settlements/[id]                    7.16 kB         [37m[1m135 kB[22m[39m
├ ○ /sitemap.xml                           160 B         [37m[1m112 kB[22m[39m          1d      1y
├ ƒ /store                               59.2 kB         [37m[1m200 kB[22m[39m
├ ƒ /store/[contentId]                   6.39 kB         [37m[1m135 kB[22m[39m
├ ƒ /store/[contentId]/cancel            5.61 kB         [37m[1m137 kB[22m[39m
├ ƒ /store/[contentId]/cancel-complete   5.03 kB         [37m[1m128 kB[22m[39m
├ ƒ /store/[contentId]/reject-reason     5.54 kB         [37m[1m129 kB[22m[39m
├ ○ /users/maker/cert                      11 kB         [37m[1m144 kB[22m[39m
├ ○ /users/maker/complete                5.55 kB         [37m[1m134 kB[22m[39m
├ ○ /users/maker/corporation-cert        1.65 kB         [37m[1m147 kB[22m[39m
├ ○ /users/maker/info                    2.16 kB         [37m[1m147 kB[22m[39m
├ ○ /users/maker/select-type             6.22 kB         [37m[1m129 kB[22m[39m
├ ƒ /users/me                            9.63 kB         [37m[1m157 kB[22m[39m
├ ○ /users/me/delete-account             10.1 kB         [37m[1m145 kB[22m[39m
├ ○ /users/me/delete-account-complete    5.96 kB         [37m[1m134 kB[22m[39m
├ ƒ /users/me/detail                     8.03 kB         [37m[1m146 kB[22m[39m
├ ƒ /users/me/email                      7.09 kB         [37m[1m142 kB[22m[39m
├ ○ /users/me/email-complete             5.54 kB         [37m[1m129 kB[22m[39m
├ ƒ /users/me/nickname                   7.15 kB         [37m[1m142 kB[22m[39m
├ ƒ /users/me/phone-code                 11.4 kB         [37m[1m147 kB[22m[39m
├ ○ /users/me/phone-complete             8.41 kB         [37m[1m146 kB[22m[39m
├ ƒ /users/me/phone-request              7.36 kB         [37m[1m143 kB[22m[39m
├ ƒ /users/me/phone-seller-terms          2.7 kB         [37m[1m148 kB[22m[39m
├ ƒ /users/me/settings                     209 B         [37m[1m142 kB[22m[39m
└ ƒ /users/me/verify-code                11.4 kB         [37m[1m147 kB[22m[39m
+ First Load JS shared by all             [37m[1m112 kB[22m[39m
  ├ chunks/1062-1a6845a9be072453.js      46.7 kB
  ├ chunks/4d3cc779-da733dbabc0c344a.js  63.1 kB
  └ other shared chunks (total)          1.98 kB


○  (Static)   prerendered as static content
ƒ  (Dynamic)  server-rendered on demand

[?25h
